<?xml version="1.0" encoding="UTF-8"?>
<!-- Generated by org.testng.reporters.JUnitReportReporter -->
<testsuite hostname="ACLA040P2850" name="com.demo.assignment.seleniumTest.TestClassAssignment2" tests="7" failures="0" timestamp="6 Oct 2018 10:12:16 GMT" time="34.361" errors="0">
  <testcase name="Test07_ConfirmReviewEnteredOnReviewPage" time="1.939" classname="com.demo.assignment.seleniumTest.TestClassAssignment2"/>
  <testcase name="Test02_SelectLogInButton" time="2.170" classname="com.demo.assignment.seleniumTest.TestClassAssignment2"/>
  <testcase name="Test01_LaunchBrowser" time="10.457" classname="com.demo.assignment.seleniumTest.TestClassAssignment2"/>
  <testcase name="Test03_EnterCredentials" time="1.960" classname="com.demo.assignment.seleniumTest.TestClassAssignment2"/>
  <testcase name="Test06_ConfirmReviewScreen" time="0.057" classname="com.demo.assignment.seleniumTest.TestClassAssignment2"/>
  <testcase name="Test05_WriteReviewFor200Words" time="8.100" classname="com.demo.assignment.seleniumTest.TestClassAssignment2"/>
  <testcase name="Test04_LaunchProfileTestInsuranceAndGiveRating" time="9.678" classname="com.demo.assignment.seleniumTest.TestClassAssignment2"/>
</testsuite> <!-- com.demo.assignment.seleniumTest.TestClassAssignment2 -->
