<?xml version="1.0" encoding="UTF-8"?>
<!-- Generated by org.testng.reporters.JUnitReportReporter -->
<testsuite hostname="ACLA040P2850" name="com.demo.assignment.seleniumTest.TestClassAssignment1" tests="3" failures="0" timestamp="5 Oct 2018 07:15:49 GMT" time="35.177" errors="0">
  <testcase name="Test01_LaunchBrowser" time="23.416" classname="com.demo.assignment.seleniumTest.TestClassAssignment1"/>
  <testcase name="Test02_EnterCredentials" time="8.084" classname="com.demo.assignment.seleniumTest.TestClassAssignment1"/>
  <testcase name="Test03_MakePost" time="3.677" classname="com.demo.assignment.seleniumTest.TestClassAssignment1"/>
</testsuite> <!-- com.demo.assignment.seleniumTest.TestClassAssignment1 -->
